TN:
SF:src/pagarme/handler.ts
FN:6,(anonymous_0)
FNF:1
FNH:1
FNDA:2,(anonymous_0)
DA:2,1
DA:3,1
DA:4,1
DA:6,1
DA:7,2
DA:8,2
DA:10,2
DA:11,2
DA:13,1
DA:15,1
DA:17,1
DA:19,1
DA:21,1
DA:25,1
DA:27,1
DA:29,1
DA:34,1
LF:17
LH:17
BRF:0
BRH:0
end_of_record
TN:
SF:src/pagarme/Entities/Compensation.ts
FN:9,(anonymous_0)
FNF:1
FNH:1
FNDA:23,(anonymous_0)
DA:3,4
DA:10,23
DA:11,22
DA:12,22
DA:13,22
LF:5
LH:5
BRF:0
BRH:0
end_of_record
TN:
SF:src/pagarme/Entities/Metadata.ts
FNF:0
FNH:0
DA:3,4
LF:1
LH:1
BRF:0
BRH:0
end_of_record
TN:
SF:src/pagarme/Entities/Transfer.ts
FN:17,(anonymous_0)
FNF:1
FNH:1
FNDA:3,(anonymous_0)
DA:2,4
DA:4,4
DA:18,3
DA:19,2
DA:20,2
DA:21,2
DA:22,2
DA:23,2
DA:24,2
DA:25,2
DA:26,2
DA:27,2
DA:28,2
DA:29,2
LF:14
LH:14
BRF:0
BRH:0
end_of_record
TN:
SF:src/pagarme/Entities/Interfaces/MetadataInterface.ts
FNF:0
FNH:0
DA:1,0
LF:1
LH:0
BRF:0
BRH:0
end_of_record
TN:
SF:src/pagarme/Entities/Interfaces/TransferInterface.ts
FNF:0
FNH:0
DA:3,0
LF:1
LH:0
BRF:0
BRH:0
end_of_record
TN:
SF:src/pagarme/Models/CompensationModel.ts
FN:7,(anonymous_0)
FN:12,(anonymous_1)
FN:16,(anonymous_2)
FN:48,(anonymous_3)
FN:53,(anonymous_4)
FN:67,(anonymous_5)
FNF:6
FNH:6
FNDA:12,(anonymous_0)
FNDA:4,(anonymous_1)
FNDA:4,(anonymous_2)
FNDA:9,(anonymous_3)
FNDA:4,(anonymous_4)
FNDA:3,(anonymous_5)
DA:1,3
DA:2,3
DA:4,3
DA:8,12
DA:9,12
DA:13,4
DA:17,4
DA:19,4
DA:21,4
DA:22,4
DA:25,4
DA:27,4
DA:28,4
DA:30,4
DA:46,4
DA:48,4
DA:49,9
DA:54,4
DA:56,4
DA:58,4
DA:63,4
DA:65,4
DA:67,4
DA:68,3
LF:24
LH:24
BRDA:21,0,0,4
BRDA:21,0,1,0
BRF:2
BRH:1
end_of_record
TN:
SF:src/pagarme/Models/DbConnection.ts
FN:6,(anonymous_0)
FN:10,(anonymous_1)
FN:15,(anonymous_2)
FNF:3
FNH:3
FNDA:18,(anonymous_0)
FNDA:34,(anonymous_1)
FNDA:1,(anonymous_2)
DA:1,5
DA:3,5
DA:7,18
DA:11,34
DA:12,34
DA:16,1
LF:6
LH:6
BRF:0
BRH:0
end_of_record
TN:
SF:src/pagarme/Models/TransferModel.ts
FN:7,(anonymous_0)
FN:12,(anonymous_1)
FN:16,(anonymous_2)
FNF:3
FNH:3
FNDA:3,(anonymous_0)
FNDA:3,(anonymous_1)
FNDA:2,(anonymous_2)
DA:1,3
DA:4,3
DA:8,3
DA:9,3
DA:13,3
DA:17,2
DA:19,2
DA:21,2
DA:27,2
DA:43,2
LF:10
LH:10
BRDA:32,0,0,1
BRDA:32,0,1,1
BRDA:32,1,0,2
BRDA:32,1,1,2
BRF:4
BRH:4
end_of_record
TN:
SF:src/pagarme/Services/PagarmeService.ts
FN:10,(anonymous_0)
FN:14,(anonymous_1)
FN:15,(anonymous_2)
FN:20,(anonymous_3)
FN:42,(anonymous_4)
FN:52,(anonymous_5)
FN:99,(anonymous_6)
FNF:7
FNH:7
FNDA:9,(anonymous_0)
FNDA:2,(anonymous_1)
FNDA:3,(anonymous_2)
FNDA:5,(anonymous_3)
FNDA:2,(anonymous_4)
FNDA:6,(anonymous_5)
FNDA:3,(anonymous_6)
DA:1,2
DA:3,2
DA:4,2
DA:5,2
DA:7,2
DA:11,9
DA:15,2
DA:16,3
DA:21,5
DA:22,5
DA:24,5
DA:25,1
DA:26,1
DA:27,1
DA:28,1
DA:29,1
DA:33,5
DA:34,5
DA:36,2
DA:37,1
DA:38,1
DA:43,2
DA:45,2
DA:47,2
DA:52,2
DA:58,6
DA:60,6
DA:65,6
DA:70,6
DA:77,6
DA:78,6
DA:80,6
DA:81,0
DA:82,0
DA:83,0
DA:86,6
DA:88,6
DA:90,3
DA:91,3
DA:92,3
DA:100,3
LF:41
LH:38
BRDA:24,0,0,1
BRDA:24,0,1,4
BRDA:24,1,0,5
BRDA:24,1,1,2
BRDA:27,2,0,1
BRDA:27,2,1,0
BRDA:36,3,0,1
BRDA:36,3,1,1
BRDA:36,4,0,2
BRDA:36,4,1,2
BRDA:80,5,0,0
BRDA:80,5,1,6
BRF:12
BRH:10
end_of_record
TN:
SF:src/pagarme/__fixtures__/Compensations.ts
FNF:0
FNH:0
DA:1,3
DA:3,3
DA:10,3
DA:16,3
LF:4
LH:4
BRF:0
BRH:0
end_of_record
TN:
SF:src/pagarme/__fixtures__/Transfer.ts
FN:20,(anonymous_0)
FNF:1
FNH:1
FNDA:3,(anonymous_0)
DA:1,2
DA:3,2
DA:19,2
DA:21,3
LF:4
LH:4
BRF:0
BRH:0
end_of_record
